::1 - - [15/Feb/2019:15:35:04 +0000] "GET / HTTP/1.1" 404 46 "-" "Mozilla/5.0 (X11; Linux x86_64) AppleWebKit/537.36 (KHTML, like Gecko) Chrome/67.0.3396.87 Safari/537.36"
::1 - - [15/Feb/2019:15:37:48 +0000] "GET / HTTP/1.1" 404 46 "-" "Mozilla/5.0 (X11; Linux x86_64) AppleWebKit/537.36 (KHTML, like Gecko) Chrome/67.0.3396.87 Safari/537.36"
::1 - - [15/Feb/2019:15:51:35 +0000] "GET /api HTTP/1.1" 404 46 "-" "Mozilla/5.0 (X11; Linux x86_64) AppleWebKit/537.36 (KHTML, like Gecko) Chrome/67.0.3396.87 Safari/537.36"
::1 - - [15/Feb/2019:15:51:38 +0000] "GET /api/docxs HTTP/1.1" 404 46 "-" "Mozilla/5.0 (X11; Linux x86_64) AppleWebKit/537.36 (KHTML, like Gecko) Chrome/67.0.3396.87 Safari/537.36"
::1 - - [15/Feb/2019:15:51:41 +0000] "GET /api/docs HTTP/1.1" 200 5455 "-" "Mozilla/5.0 (X11; Linux x86_64) AppleWebKit/537.36 (KHTML, like Gecko) Chrome/67.0.3396.87 Safari/537.36"
::1 - - [15/Feb/2019:15:51:41 +0000] "GET /assets/css/common.css HTTP/1.1" 200 96586 "http://localhost:3000/api/docs" "Mozilla/5.0 (X11; Linux x86_64) AppleWebKit/537.36 (KHTML, like Gecko) Chrome/67.0.3396.87 Safari/537.36"
::1 - - [15/Feb/2019:15:51:41 +0000] "GET /assets/img/logo.png HTTP/1.1" 200 22419 "http://localhost:3000/api/docs" "Mozilla/5.0 (X11; Linux x86_64) AppleWebKit/537.36 (KHTML, like Gecko) Chrome/67.0.3396.87 Safari/537.36"
::1 - - [15/Feb/2019:15:51:42 +0000] "GET /assets/css/fonts/percolate.ttf?rxvase HTTP/1.1" 200 34036 "http://localhost:3000/assets/css/common.css" "Mozilla/5.0 (X11; Linux x86_64) AppleWebKit/537.36 (KHTML, like Gecko) Chrome/67.0.3396.87 Safari/537.36"
::1 - - [15/Feb/2019:15:51:50 +0000] "GET /api/notifications/:endUserId/subscription/:subscriptionId HTTP/1.1" 404 46 "-" "Mozilla/5.0 (X11; Linux x86_64) AppleWebKit/537.36 (KHTML, like Gecko) Chrome/67.0.3396.87 Safari/537.36"
::1 - - [15/Feb/2019:15:52:04 +0000] "GET /api/notifications/21312412/subscription/21312 HTTP/1.1" 404 46 "-" "Mozilla/5.0 (X11; Linux x86_64) AppleWebKit/537.36 (KHTML, like Gecko) Chrome/67.0.3396.87 Safari/537.36"
::1 - - [15/Feb/2019:15:52:09 +0000] "GET /notifications/21312412/subscription/21312 HTTP/1.1" 404 46 "-" "Mozilla/5.0 (X11; Linux x86_64) AppleWebKit/537.36 (KHTML, like Gecko) Chrome/67.0.3396.87 Safari/537.36"
::1 - - [15/Feb/2019:15:52:13 +0000] "GET /api/notifications/21312412/subscription/21312 HTTP/1.1" 404 46 "-" "Mozilla/5.0 (X11; Linux x86_64) AppleWebKit/537.36 (KHTML, like Gecko) Chrome/67.0.3396.87 Safari/537.36"
::1 - - [15/Feb/2019:15:53:12 +0000] "POST /api/notifications/21312412/subscription/21312 HTTP/1.1" 500 126 "-" "Mozilla/5.0 (X11; Linux x86_64) AppleWebKit/537.36 (KHTML, like Gecko) Chrome/67.0.3396.87 Safari/537.36"
::1 - - [15/Feb/2019:16:00:11 +0000] "POST /api/notifications/21312412/subscription/21312 HTTP/1.1" 200 49 "-" "Mozilla/5.0 (X11; Linux x86_64) AppleWebKit/537.36 (KHTML, like Gecko) Chrome/67.0.3396.87 Safari/537.36"
::1 - - [15/Feb/2019:16:03:12 +0000] "POST /api/notifications/21312412/subscription/21312 HTTP/1.1" 200 49 "-" "Mozilla/5.0 (X11; Linux x86_64) AppleWebKit/537.36 (KHTML, like Gecko) Chrome/67.0.3396.87 Safari/537.36"
::1 - - [15/Feb/2019:16:03:38 +0000] "POST /api/notifications/21312412/subscription/21312 HTTP/1.1" 200 49 "-" "Mozilla/5.0 (X11; Linux x86_64) AppleWebKit/537.36 (KHTML, like Gecko) Chrome/67.0.3396.87 Safari/537.36"
::1 - - [15/Feb/2019:16:04:02 +0000] "POST /api/notifications/21312412/subscription/21312 HTTP/1.1" 200 49 "-" "Mozilla/5.0 (X11; Linux x86_64) AppleWebKit/537.36 (KHTML, like Gecko) Chrome/67.0.3396.87 Safari/537.36"
::1 - - [15/Feb/2019:16:04:13 +0000] "POST /api/notifications/21312412/subscription/21312 HTTP/1.1" 200 49 "-" "Mozilla/5.0 (X11; Linux x86_64) AppleWebKit/537.36 (KHTML, like Gecko) Chrome/67.0.3396.87 Safari/537.36"
::1 - - [15/Feb/2019:16:12:34 +0000] "POST /api/notifications/21312412/subscription/21312 HTTP/1.1" 200 49 "-" "Mozilla/5.0 (X11; Linux x86_64) AppleWebKit/537.36 (KHTML, like Gecko) Chrome/67.0.3396.87 Safari/537.36"
::1 - - [15/Feb/2019:16:13:02 +0000] "POST /api/notifications/21312412/subscription/21312 HTTP/1.1" 200 49 "-" "Mozilla/5.0 (X11; Linux x86_64) AppleWebKit/537.36 (KHTML, like Gecko) Chrome/67.0.3396.87 Safari/537.36"
::1 - - [15/Feb/2019:16:13:11 +0000] "POST /api/notifications/21312412/subscription/21312 HTTP/1.1" 200 49 "-" "Mozilla/5.0 (X11; Linux x86_64) AppleWebKit/537.36 (KHTML, like Gecko) Chrome/67.0.3396.87 Safari/537.36"
::1 - - [15/Feb/2019:16:20:52 +0000] "POST /api/notifications/21312412/subscription/21312 HTTP/1.1" 200 49 "-" "Mozilla/5.0 (X11; Linux x86_64) AppleWebKit/537.36 (KHTML, like Gecko) Chrome/67.0.3396.87 Safari/537.36"
::1 - - [15/Feb/2019:16:21:27 +0000] "POST /api/notifications/21312412/subscription/21312 HTTP/1.1" 200 49 "-" "Mozilla/5.0 (X11; Linux x86_64) AppleWebKit/537.36 (KHTML, like Gecko) Chrome/67.0.3396.87 Safari/537.36"
::1 - - [15/Feb/2019:16:21:48 +0000] "POST /api/notifications/21312412/subscription/21312 HTTP/1.1" 200 49 "-" "Mozilla/5.0 (X11; Linux x86_64) AppleWebKit/537.36 (KHTML, like Gecko) Chrome/67.0.3396.87 Safari/537.36"
::1 - - [15/Feb/2019:16:23:50 +0000] "POST /api/notifications/21312412/subscription/21312 HTTP/1.1" 200 49 "-" "Mozilla/5.0 (X11; Linux x86_64) AppleWebKit/537.36 (KHTML, like Gecko) Chrome/67.0.3396.87 Safari/537.36"
::1 - - [15/Feb/2019:16:24:34 +0000] "POST /api/notifications/21312412/subscription/21312 HTTP/1.1" 200 49 "-" "Mozilla/5.0 (X11; Linux x86_64) AppleWebKit/537.36 (KHTML, like Gecko) Chrome/67.0.3396.87 Safari/537.36"
::1 - - [15/Feb/2019:18:27:06 +0000] "POST /api/notifications/21312412/subscription/21312 HTTP/1.1" 200 49 "-" "Mozilla/5.0 (X11; Linux x86_64) AppleWebKit/537.36 (KHTML, like Gecko) Chrome/67.0.3396.87 Safari/537.36"
::1 - - [15/Feb/2019:18:27:59 +0000] "POST /api/notifications/21312412/subscription/21312 HTTP/1.1" 200 49 "-" "Mozilla/5.0 (X11; Linux x86_64) AppleWebKit/537.36 (KHTML, like Gecko) Chrome/67.0.3396.87 Safari/537.36"
::1 - - [15/Feb/2019:18:35:02 +0000] "POST /api/notifications/21312412/subscription/21312 HTTP/1.1" 200 49 "-" "Mozilla/5.0 (X11; Linux x86_64) AppleWebKit/537.36 (KHTML, like Gecko) Chrome/67.0.3396.87 Safari/537.36"
::1 - - [15/Feb/2019:18:49:14 +0000] "POST /api/notifications/21312412/subscription/21312 HTTP/1.1" 200 - "-" "Mozilla/5.0 (X11; Linux x86_64) AppleWebKit/537.36 (KHTML, like Gecko) Chrome/67.0.3396.87 Safari/537.36"
::1 - - [15/Feb/2019:18:49:52 +0000] "POST /api/notifications/21312412/subscription/21312 HTTP/1.1" 200 - "-" "Mozilla/5.0 (X11; Linux x86_64) AppleWebKit/537.36 (KHTML, like Gecko) Chrome/67.0.3396.87 Safari/537.36"
::1 - - [15/Feb/2019:18:50:21 +0000] "POST /api/notifications/21312412/subscription/21312 HTTP/1.1" 200 - "-" "Mozilla/5.0 (X11; Linux x86_64) AppleWebKit/537.36 (KHTML, like Gecko) Chrome/67.0.3396.87 Safari/537.36"
::1 - - [15/Feb/2019:18:51:08 +0000] "POST /api/notifications/21312412/subscription/21312 HTTP/1.1" 200 - "-" "Mozilla/5.0 (X11; Linux x86_64) AppleWebKit/537.36 (KHTML, like Gecko) Chrome/67.0.3396.87 Safari/537.36"
::1 - - [15/Feb/2019:18:51:36 +0000] "POST /api/notifications/21312412/subscription/21312 HTTP/1.1" 200 - "-" "Mozilla/5.0 (X11; Linux x86_64) AppleWebKit/537.36 (KHTML, like Gecko) Chrome/67.0.3396.87 Safari/537.36"
::1 - - [15/Feb/2019:18:56:55 +0000] "POST /api/notifications/21312412/subscription/21312 HTTP/1.1" - - "-" "Mozilla/5.0 (X11; Linux x86_64) AppleWebKit/537.36 (KHTML, like Gecko) Chrome/67.0.3396.87 Safari/537.36"
::1 - - [15/Feb/2019:18:57:30 +0000] "POST /api/notifications/21312412/subscription/21312 HTTP/1.1" 200 49 "-" "Mozilla/5.0 (X11; Linux x86_64) AppleWebKit/537.36 (KHTML, like Gecko) Chrome/67.0.3396.87 Safari/537.36"
::1 - - [15/Feb/2019:18:58:02 +0000] "POST /api/notifications/21312412/subscription/21312 HTTP/1.1" 200 49 "-" "Mozilla/5.0 (X11; Linux x86_64) AppleWebKit/537.36 (KHTML, like Gecko) Chrome/67.0.3396.87 Safari/537.36"
::1 - - [15/Feb/2019:18:58:18 +0000] "POST /api/notifications/21312412/subscription/21312 HTTP/1.1" 200 49 "-" "Mozilla/5.0 (X11; Linux x86_64) AppleWebKit/537.36 (KHTML, like Gecko) Chrome/67.0.3396.87 Safari/537.36"
::1 - - [15/Feb/2019:18:58:31 +0000] "POST /api/notifications/21312412/subscription/21312 HTTP/1.1" 200 47 "-" "Mozilla/5.0 (X11; Linux x86_64) AppleWebKit/537.36 (KHTML, like Gecko) Chrome/67.0.3396.87 Safari/537.36"
::1 - - [15/Feb/2019:19:04:52 +0000] "POST /api/notifications/21312412/payment/21312 HTTP/1.1" 200 47 "-" "Mozilla/5.0 (X11; Linux x86_64) AppleWebKit/537.36 (KHTML, like Gecko) Chrome/67.0.3396.87 Safari/537.36"
